<?xml version="1.0" encoding="UTF-8" ?>
<testsuite failures="0" time="0.068" errors="0" skipped="0" tests="23" name="com.teamdev.students.calculator.AppTest">
  <properties>
    <property name="java.runtime.name" value="Java(TM) SE Runtime Environment"/>
    <property name="sun.boot.library.path" value="C:\Program Files\Java\jdk1.7.0_02\jre\bin"/>
    <property name="java.vm.version" value="22.0-b10"/>
    <property name="java.vm.vendor" value="Oracle Corporation"/>
    <property name="java.vendor.url" value="http://java.oracle.com/"/>
    <property name="path.separator" value=";"/>
    <property name="guice.disable.misplaced.annotation.check" value="true"/>
    <property name="java.vm.name" value="Java HotSpot(TM) 64-Bit Server VM"/>
    <property name="file.encoding.pkg" value="sun.io"/>
    <property name="idea.launcher.port" value="7534"/>
    <property name="user.script" value=""/>
    <property name="user.country" value="US"/>
    <property name="sun.java.launcher" value="SUN_STANDARD"/>
    <property name="sun.os.patch.level" value=""/>
    <property name="java.vm.specification.name" value="Java Virtual Machine Specification"/>
    <property name="user.dir" value="C:\Users\gar\IdeaProjects\Calculator"/>
    <property name="java.runtime.version" value="1.7.0_02-b13"/>
    <property name="java.awt.graphicsenv" value="sun.awt.Win32GraphicsEnvironment"/>
    <property name="java.endorsed.dirs" value="C:\Program Files\Java\jdk1.7.0_02\jre\lib\endorsed"/>
    <property name="os.arch" value="amd64"/>
    <property name="java.io.tmpdir" value="C:\Users\gar\AppData\Local\Temp\"/>
    <property name="line.separator" value="
"/>
    <property name="java.vm.specification.vendor" value="Oracle Corporation"/>
    <property name="user.variant" value=""/>
    <property name="os.name" value="Windows 7"/>
    <property name="classworlds.conf" value="C:\Users\gar\Documents\apache-maven\bin\m2.conf"/>
    <property name="sun.jnu.encoding" value="Cp1252"/>
    <property name="java.library.path" value="C:\Program Files\Java\jdk1.7.0_02\bin;C:\Windows\Sun\Java\bin;C:\Windows\system32;C:\Windows;C:\Program Files (x86)\JetBrains\IntelliJ IDEA 11.0\bin\..\.\bin;C:\Program Files (x86)\NVIDIA Corporation\PhysX\Common;C:\Windows\system32;C:\Windows;C:\Windows\System32\Wbem;C:\Windows\System32\WindowsPowerShell\v1.0\;C:\Program Files\TortoiseSVN\bin\;C:\Users\gar\Documents\apache-maven\bin;C:\Program Files (x86)\Common Files\Acronis\SnapAPI\;c:\program files (x86)\jetbrains\intellij idea 11.0\jre\jre\bin;."/>
    <property name="java.specification.name" value="Java Platform API Specification"/>
    <property name="java.class.version" value="51.0"/>
    <property name="sun.management.compiler" value="HotSpot 64-Bit Tiered Compilers"/>
    <property name="os.version" value="6.1"/>
    <property name="user.home" value="C:\Users\gar"/>
    <property name="user.timezone" value="Europe/Helsinki"/>
    <property name="java.awt.printerjob" value="sun.awt.windows.WPrinterJob"/>
    <property name="java.specification.version" value="1.7"/>
    <property name="idea.launcher.bin.path" value="C:\Program Files (x86)\JetBrains\IntelliJ IDEA 11.0\bin"/>
    <property name="file.encoding" value="UTF-8"/>
    <property name="user.name" value="gar"/>
    <property name="java.class.path" value="C:\Users\gar\Documents\apache-maven\boot\plexus-classworlds-2.4.jar;C:\Program Files (x86)\JetBrains\IntelliJ IDEA 11.0\lib\idea_rt.jar"/>
    <property name="java.vm.specification.version" value="1.7"/>
    <property name="sun.arch.data.model" value="64"/>
    <property name="java.home" value="C:\Program Files\Java\jdk1.7.0_02\jre"/>
    <property name="sun.java.command" value="com.intellij.rt.execution.application.AppMain org.codehaus.classworlds.Launcher --no-plugin-registry --fail-fast --no-plugin-updates --strict-checksums --update-snapshots -f C:\Users\gar\IdeaProjects\Calculator\pom.xml test"/>
    <property name="java.specification.vendor" value="Oracle Corporation"/>
    <property name="user.language" value="en"/>
    <property name="awt.toolkit" value="sun.awt.windows.WToolkit"/>
    <property name="java.vm.info" value="mixed mode"/>
    <property name="java.version" value="1.7.0_02"/>
    <property name="java.ext.dirs" value="C:\Program Files\Java\jdk1.7.0_02\jre\lib\ext;C:\Windows\Sun\Java\lib\ext"/>
    <property name="sun.boot.class.path" value="C:\Program Files\Java\jdk1.7.0_02\jre\lib\resources.jar;C:\Program Files\Java\jdk1.7.0_02\jre\lib\rt.jar;C:\Program Files\Java\jdk1.7.0_02\jre\lib\sunrsasign.jar;C:\Program Files\Java\jdk1.7.0_02\jre\lib\jsse.jar;C:\Program Files\Java\jdk1.7.0_02\jre\lib\jce.jar;C:\Program Files\Java\jdk1.7.0_02\jre\lib\charsets.jar;C:\Program Files\Java\jdk1.7.0_02\jre\classes"/>
    <property name="java.vendor" value="Oracle Corporation"/>
    <property name="maven.home" value="C:\Users\gar\Documents\apache-maven"/>
    <property name="file.separator" value="\"/>
    <property name="java.vendor.url.bug" value="http://bugreport.sun.com/bugreport/"/>
    <property name="sun.cpu.endian" value="little"/>
    <property name="sun.io.unicode.encoding" value="UnicodeLittle"/>
    <property name="sun.desktop" value="windows"/>
    <property name="sun.cpu.isalist" value="amd64"/>
  </properties>
  <testcase time="0.022" classname="com.teamdev.students.calculator.AppTest" name="testBrackets"/>
  <testcase time="0" classname="com.teamdev.students.calculator.AppTest" name="testDivision"/>
  <testcase time="0.012" classname="com.teamdev.students.calculator.AppTest" name="testPower"/>
  <testcase time="0" classname="com.teamdev.students.calculator.AppTest" name="testApp"/>
  <testcase time="0" classname="com.teamdev.students.calculator.AppTest" name="testPlus"/>
  <testcase time="0" classname="com.teamdev.students.calculator.AppTest" name="testMinus"/>
  <testcase time="0" classname="com.teamdev.students.calculator.AppTest" name="testBrackets2"/>
  <testcase time="0" classname="com.teamdev.students.calculator.AppTest" name="testBrackets3"/>
  <testcase time="0" classname="com.teamdev.students.calculator.AppTest" name="testBrackets4"/>
  <testcase time="0" classname="com.teamdev.students.calculator.AppTest" name="testIllegalSymbols"/>
  <testcase time="0.006" classname="com.teamdev.students.calculator.AppTest" name="testIllegalSymbols2"/>
  <testcase time="0" classname="com.teamdev.students.calculator.AppTest" name="testIllegalSymbols3"/>
  <testcase time="0" classname="com.teamdev.students.calculator.AppTest" name="testIllegalSymbols4"/>
  <testcase time="0.001" classname="com.teamdev.students.calculator.AppTest" name="testIllegalSymbols5"/>
  <testcase time="0.008" classname="com.teamdev.students.calculator.AppTest" name="testMultiplication"/>
  <testcase time="0" classname="com.teamdev.students.calculator.AppTest" name="testDivisionByZero"/>
  <testcase time="0" classname="com.teamdev.students.calculator.AppTest" name="testSqrtFunction"/>
  <testcase time="0" classname="com.teamdev.students.calculator.AppTest" name="testMaxFunction"/>
  <testcase time="0" classname="com.teamdev.students.calculator.AppTest" name="testMaxFunction2"/>
  <testcase time="0" classname="com.teamdev.students.calculator.AppTest" name="testMinFunction"/>
  <testcase time="0" classname="com.teamdev.students.calculator.AppTest" name="testMinFunction2"/>
  <testcase time="0.001" classname="com.teamdev.students.calculator.AppTest" name="testSumFunction"/>
  <testcase time="0" classname="com.teamdev.students.calculator.AppTest" name="testSumFunction2"/>
</testsuite>